[2018-04-17 02:14:14] local.ERROR: No application encryption key has been specified. {"exception":"[object] (RuntimeException(code: 0): No application encryption key has been specified. at H:\\Source\\Demo\\React Native\\Project\\project_1phut_30giay\\trunk\\serer_laravel\\vendor\\laravel\\framework\\src\\Illuminate\\Encryption\\EncryptionServiceProvider.php:42)
[stacktrace]
#0 H:\\Source\\Demo\\React Native\\Project\\project_1phut_30giay\\trunk\\serer_laravel\\vendor\\laravel\\framework\\src\\Illuminate\\Support\\helpers.php(1043): Illuminate\\Encryption\\EncryptionServiceProvider->Illuminate\\Encryption\\{closure}('')
#1 H:\\Source\\Demo\\React Native\\Project\\project_1phut_30giay\\trunk\\serer_laravel\\vendor\\laravel\\framework\\src\\Illuminate\\Encryption\\EncryptionServiceProvider.php(46): tap('', Object(Closure))
#2 H:\\Source\\Demo\\React Native\\Project\\project_1phut_30giay\\trunk\\serer_laravel\\vendor\\laravel\\framework\\src\\Illuminate\\Encryption\\EncryptionServiceProvider.php(24): Illuminate\\Encryption\\EncryptionServiceProvider->key(Array)
#3 H:\\Source\\Demo\\React Native\\Project\\project_1phut_30giay\\trunk\\serer_laravel\\vendor\\laravel\\framework\\src\\Illuminate\\Container\\Container.php(764): Illuminate\\Encryption\\EncryptionServiceProvider->Illuminate\\Encryption\\{closure}(Object(Illuminate\\Foundation\\Application), Array)
#4 H:\\Source\\Demo\\React Native\\Project\\project_1phut_30giay\\trunk\\serer_laravel\\vendor\\laravel\\framework\\src\\Illuminate\\Container\\Container.php(646): Illuminate\\Container\\Container->build(Object(Closure))
#5 H:\\Source\\Demo\\React Native\\Project\\project_1phut_30giay\\trunk\\serer_laravel\\vendor\\laravel\\framework\\src\\Illuminate\\Container\\Container.php(601): Illuminate\\Container\\Container->resolve('encrypter', Array)
#6 H:\\Source\\Demo\\React Native\\Project\\project_1phut_30giay\\trunk\\serer_laravel\\vendor\\laravel\\framework\\src\\Illuminate\\Foundation\\Application.php(734): Illuminate\\Container\\Container->make('encrypter', Array)
#7 H:\\Source\\Demo\\React Native\\Project\\project_1phut_30giay\\trunk\\serer_laravel\\vendor\\laravel\\framework\\src\\Illuminate\\Container\\Container.php(900): Illuminate\\Foundation\\Application->make('encrypter')
#8 H:\\Source\\Demo\\React Native\\Project\\project_1phut_30giay\\trunk\\serer_laravel\\vendor\\laravel\\framework\\src\\Illuminate\\Container\\Container.php(828): Illuminate\\Container\\Container->resolveClass(Object(ReflectionParameter))
#9 H:\\Source\\Demo\\React Native\\Project\\project_1phut_30giay\\trunk\\serer_laravel\\vendor\\laravel\\framework\\src\\Illuminate\\Container\\Container.php(795): Illuminate\\Container\\Container->resolveDependencies(Array)
#10 H:\\Source\\Demo\\React Native\\Project\\project_1phut_30giay\\trunk\\serer_laravel\\vendor\\laravel\\framework\\src\\Illuminate\\Container\\Container.php(646): Illuminate\\Container\\Container->build('App\\\\Http\\\\Middle...')
#11 H:\\Source\\Demo\\React Native\\Project\\project_1phut_30giay\\trunk\\serer_laravel\\vendor\\laravel\\framework\\src\\Illuminate\\Container\\Container.php(601): Illuminate\\Container\\Container->resolve('App\\\\Http\\\\Middle...', Array)
#12 H:\\Source\\Demo\\React Native\\Project\\project_1phut_30giay\\trunk\\serer_laravel\\vendor\\laravel\\framework\\src\\Illuminate\\Foundation\\Application.php(734): Illuminate\\Container\\Container->make('App\\\\Http\\\\Middle...', Array)
#13 H:\\Source\\Demo\\React Native\\Project\\project_1phut_30giay\\trunk\\serer_laravel\\vendor\\laravel\\framework\\src\\Illuminate\\Pipeline\\Pipeline.php(138): Illuminate\\Foundation\\Application->make('App\\\\Http\\\\Middle...')
#14 H:\\Source\\Demo\\React Native\\Project\\project_1phut_30giay\\trunk\\serer_laravel\\vendor\\laravel\\framework\\src\\Illuminate\\Routing\\Pipeline.php(53): Illuminate\\Pipeline\\Pipeline->Illuminate\\Pipeline\\{closure}(Object(Illuminate\\Http\\Request))
#15 H:\\Source\\Demo\\React Native\\Project\\project_1phut_30giay\\trunk\\serer_laravel\\vendor\\laravel\\framework\\src\\Illuminate\\Pipeline\\Pipeline.php(102): Illuminate\\Routing\\Pipeline->Illuminate\\Routing\\{closure}(Object(Illuminate\\Http\\Request))
#16 H:\\Source\\Demo\\React Native\\Project\\project_1phut_30giay\\trunk\\serer_laravel\\vendor\\laravel\\framework\\src\\Illuminate\\Routing\\Router.php(661): Illuminate\\Pipeline\\Pipeline->then(Object(Closure))
#17 H:\\Source\\Demo\\React Native\\Project\\project_1phut_30giay\\trunk\\serer_laravel\\vendor\\laravel\\framework\\src\\Illuminate\\Routing\\Router.php(636): Illuminate\\Routing\\Router->runRouteWithinStack(Object(Illuminate\\Routing\\Route), Object(Illuminate\\Http\\Request))
#18 H:\\Source\\Demo\\React Native\\Project\\project_1phut_30giay\\trunk\\serer_laravel\\vendor\\laravel\\framework\\src\\Illuminate\\Routing\\Router.php(602): Illuminate\\Routing\\Router->runRoute(Object(Illuminate\\Http\\Request), Object(Illuminate\\Routing\\Route))
#19 H:\\Source\\Demo\\React Native\\Project\\project_1phut_30giay\\trunk\\serer_laravel\\vendor\\laravel\\framework\\src\\Illuminate\\Routing\\Router.php(591): Illuminate\\Routing\\Router->dispatchToRoute(Object(Illuminate\\Http\\Request))
#20 H:\\Source\\Demo\\React Native\\Project\\project_1phut_30giay\\trunk\\serer_laravel\\vendor\\laravel\\framework\\src\\Illuminate\\Foundation\\Http\\Kernel.php(176): Illuminate\\Routing\\Router->dispatch(Object(Illuminate\\Http\\Request))
#21 H:\\Source\\Demo\\React Native\\Project\\project_1phut_30giay\\trunk\\serer_laravel\\vendor\\laravel\\framework\\src\\Illuminate\\Routing\\Pipeline.php(30): Illuminate\\Foundation\\Http\\Kernel->Illuminate\\Foundation\\Http\\{closure}(Object(Illuminate\\Http\\Request))
#22 H:\\Source\\Demo\\React Native\\Project\\project_1phut_30giay\\trunk\\serer_laravel\\vendor\\fideloper\\proxy\\src\\TrustProxies.php(57): Illuminate\\Routing\\Pipeline->Illuminate\\Routing\\{closure}(Object(Illuminate\\Http\\Request))
#23 H:\\Source\\Demo\\React Native\\Project\\project_1phut_30giay\\trunk\\serer_laravel\\vendor\\laravel\\framework\\src\\Illuminate\\Pipeline\\Pipeline.php(149): Fideloper\\Proxy\\TrustProxies->handle(Object(Illuminate\\Http\\Request), Object(Closure))
#24 H:\\Source\\Demo\\React Native\\Project\\project_1phut_30giay\\trunk\\serer_laravel\\vendor\\laravel\\framework\\src\\Illuminate\\Routing\\Pipeline.php(53): Illuminate\\Pipeline\\Pipeline->Illuminate\\Pipeline\\{closure}(Object(Illuminate\\Http\\Request))
#25 H:\\Source\\Demo\\React Native\\Project\\project_1phut_30giay\\trunk\\serer_laravel\\vendor\\laravel\\framework\\src\\Illuminate\\Foundation\\Http\\Middleware\\TransformsRequest.php(30): Illuminate\\Routing\\Pipeline->Illuminate\\Routing\\{closure}(Object(Illuminate\\Http\\Request))
#26 H:\\Source\\Demo\\React Native\\Project\\project_1phut_30giay\\trunk\\serer_laravel\\vendor\\laravel\\framework\\src\\Illuminate\\Pipeline\\Pipeline.php(149): Illuminate\\Foundation\\Http\\Middleware\\TransformsRequest->handle(Object(Illuminate\\Http\\Request), Object(Closure))
#27 H:\\Source\\Demo\\React Native\\Project\\project_1phut_30giay\\trunk\\serer_laravel\\vendor\\laravel\\framework\\src\\Illuminate\\Routing\\Pipeline.php(53): Illuminate\\Pipeline\\Pipeline->Illuminate\\Pipeline\\{closure}(Object(Illuminate\\Http\\Request))
#28 H:\\Source\\Demo\\React Native\\Project\\project_1phut_30giay\\trunk\\serer_laravel\\vendor\\laravel\\framework\\src\\Illuminate\\Foundation\\Http\\Middleware\\TransformsRequest.php(30): Illuminate\\Routing\\Pipeline->Illuminate\\Routing\\{closure}(Object(Illuminate\\Http\\Request))
#29 H:\\Source\\Demo\\React Native\\Project\\project_1phut_30giay\\trunk\\serer_laravel\\vendor\\laravel\\framework\\src\\Illuminate\\Pipeline\\Pipeline.php(149): Illuminate\\Foundation\\Http\\Middleware\\TransformsRequest->handle(Object(Illuminate\\Http\\Request), Object(Closure))
#30 H:\\Source\\Demo\\React Native\\Project\\project_1phut_30giay\\trunk\\serer_laravel\\vendor\\laravel\\framework\\src\\Illuminate\\Routing\\Pipeline.php(53): Illuminate\\Pipeline\\Pipeline->Illuminate\\Pipeline\\{closure}(Object(Illuminate\\Http\\Request))
#31 H:\\Source\\Demo\\React Native\\Project\\project_1phut_30giay\\trunk\\serer_laravel\\vendor\\laravel\\framework\\src\\Illuminate\\Foundation\\Http\\Middleware\\ValidatePostSize.php(27): Illuminate\\Routing\\Pipeline->Illuminate\\Routing\\{closure}(Object(Illuminate\\Http\\Request))
#32 H:\\Source\\Demo\\React Native\\Project\\project_1phut_30giay\\trunk\\serer_laravel\\vendor\\laravel\\framework\\src\\Illuminate\\Pipeline\\Pipeline.php(149): Illuminate\\Foundation\\Http\\Middleware\\ValidatePostSize->handle(Object(Illuminate\\Http\\Request), Object(Closure))
#33 H:\\Source\\Demo\\React Native\\Project\\project_1phut_30giay\\trunk\\serer_laravel\\vendor\\laravel\\framework\\src\\Illuminate\\Routing\\Pipeline.php(53): Illuminate\\Pipeline\\Pipeline->Illuminate\\Pipeline\\{closure}(Object(Illuminate\\Http\\Request))
#34 H:\\Source\\Demo\\React Native\\Project\\project_1phut_30giay\\trunk\\serer_laravel\\vendor\\laravel\\framework\\src\\Illuminate\\Foundation\\Http\\Middleware\\CheckForMaintenanceMode.php(46): Illuminate\\Routing\\Pipeline->Illuminate\\Routing\\{closure}(Object(Illuminate\\Http\\Request))
#35 H:\\Source\\Demo\\React Native\\Project\\project_1phut_30giay\\trunk\\serer_laravel\\vendor\\laravel\\framework\\src\\Illuminate\\Pipeline\\Pipeline.php(149): Illuminate\\Foundation\\Http\\Middleware\\CheckForMaintenanceMode->handle(Object(Illuminate\\Http\\Request), Object(Closure))
#36 H:\\Source\\Demo\\React Native\\Project\\project_1phut_30giay\\trunk\\serer_laravel\\vendor\\laravel\\framework\\src\\Illuminate\\Routing\\Pipeline.php(53): Illuminate\\Pipeline\\Pipeline->Illuminate\\Pipeline\\{closure}(Object(Illuminate\\Http\\Request))
#37 H:\\Source\\Demo\\React Native\\Project\\project_1phut_30giay\\trunk\\serer_laravel\\vendor\\laravel\\framework\\src\\Illuminate\\Pipeline\\Pipeline.php(102): Illuminate\\Routing\\Pipeline->Illuminate\\Routing\\{closure}(Object(Illuminate\\Http\\Request))
#38 H:\\Source\\Demo\\React Native\\Project\\project_1phut_30giay\\trunk\\serer_laravel\\vendor\\laravel\\framework\\src\\Illuminate\\Foundation\\Http\\Kernel.php(151): Illuminate\\Pipeline\\Pipeline->then(Object(Closure))
#39 H:\\Source\\Demo\\React Native\\Project\\project_1phut_30giay\\trunk\\serer_laravel\\vendor\\laravel\\framework\\src\\Illuminate\\Foundation\\Http\\Kernel.php(116): Illuminate\\Foundation\\Http\\Kernel->sendRequestThroughRouter(Object(Illuminate\\Http\\Request))
#40 H:\\Source\\Demo\\React Native\\Project\\project_1phut_30giay\\trunk\\serer_laravel\\public\\index.php(55): Illuminate\\Foundation\\Http\\Kernel->handle(Object(Illuminate\\Http\\Request))
#41 H:\\Source\\Demo\\React Native\\Project\\project_1phut_30giay\\trunk\\serer_laravel\\server.php(21): require_once('H:\\\\Source\\\\Demo\\\\...')
#42 {main}
"} 
[2018-04-17 02:14:14] local.ERROR: No application encryption key has been specified. {"exception":"[object] (RuntimeException(code: 0): No application encryption key has been specified. at H:\\Source\\Demo\\React Native\\Project\\project_1phut_30giay\\trunk\\serer_laravel\\vendor\\laravel\\framework\\src\\Illuminate\\Encryption\\EncryptionServiceProvider.php:42)
[stacktrace]
#0 H:\\Source\\Demo\\React Native\\Project\\project_1phut_30giay\\trunk\\serer_laravel\\vendor\\laravel\\framework\\src\\Illuminate\\Support\\helpers.php(1043): Illuminate\\Encryption\\EncryptionServiceProvider->Illuminate\\Encryption\\{closure}('')
#1 H:\\Source\\Demo\\React Native\\Project\\project_1phut_30giay\\trunk\\serer_laravel\\vendor\\laravel\\framework\\src\\Illuminate\\Encryption\\EncryptionServiceProvider.php(46): tap('', Object(Closure))
#2 H:\\Source\\Demo\\React Native\\Project\\project_1phut_30giay\\trunk\\serer_laravel\\vendor\\laravel\\framework\\src\\Illuminate\\Encryption\\EncryptionServiceProvider.php(24): Illuminate\\Encryption\\EncryptionServiceProvider->key(Array)
#3 H:\\Source\\Demo\\React Native\\Project\\project_1phut_30giay\\trunk\\serer_laravel\\vendor\\laravel\\framework\\src\\Illuminate\\Container\\Container.php(764): Illuminate\\Encryption\\EncryptionServiceProvider->Illuminate\\Encryption\\{closure}(Object(Illuminate\\Foundation\\Application), Array)
#4 H:\\Source\\Demo\\React Native\\Project\\project_1phut_30giay\\trunk\\serer_laravel\\vendor\\laravel\\framework\\src\\Illuminate\\Container\\Container.php(646): Illuminate\\Container\\Container->build(Object(Closure))
#5 H:\\Source\\Demo\\React Native\\Project\\project_1phut_30giay\\trunk\\serer_laravel\\vendor\\laravel\\framework\\src\\Illuminate\\Container\\Container.php(601): Illuminate\\Container\\Container->resolve('encrypter', Array)
#6 H:\\Source\\Demo\\React Native\\Project\\project_1phut_30giay\\trunk\\serer_laravel\\vendor\\laravel\\framework\\src\\Illuminate\\Foundation\\Application.php(734): Illuminate\\Container\\Container->make('encrypter', Array)
#7 H:\\Source\\Demo\\React Native\\Project\\project_1phut_30giay\\trunk\\serer_laravel\\vendor\\laravel\\framework\\src\\Illuminate\\Container\\Container.php(900): Illuminate\\Foundation\\Application->make('encrypter')
#8 H:\\Source\\Demo\\React Native\\Project\\project_1phut_30giay\\trunk\\serer_laravel\\vendor\\laravel\\framework\\src\\Illuminate\\Container\\Container.php(828): Illuminate\\Container\\Container->resolveClass(Object(ReflectionParameter))
#9 H:\\Source\\Demo\\React Native\\Project\\project_1phut_30giay\\trunk\\serer_laravel\\vendor\\laravel\\framework\\src\\Illuminate\\Container\\Container.php(795): Illuminate\\Container\\Container->resolveDependencies(Array)
#10 H:\\Source\\Demo\\React Native\\Project\\project_1phut_30giay\\trunk\\serer_laravel\\vendor\\laravel\\framework\\src\\Illuminate\\Container\\Container.php(646): Illuminate\\Container\\Container->build('App\\\\Http\\\\Middle...')
#11 H:\\Source\\Demo\\React Native\\Project\\project_1phut_30giay\\trunk\\serer_laravel\\vendor\\laravel\\framework\\src\\Illuminate\\Container\\Container.php(601): Illuminate\\Container\\Container->resolve('App\\\\Http\\\\Middle...', Array)
#12 H:\\Source\\Demo\\React Native\\Project\\project_1phut_30giay\\trunk\\serer_laravel\\vendor\\laravel\\framework\\src\\Illuminate\\Foundation\\Application.php(734): Illuminate\\Container\\Container->make('App\\\\Http\\\\Middle...', Array)
#13 H:\\Source\\Demo\\React Native\\Project\\project_1phut_30giay\\trunk\\serer_laravel\\vendor\\laravel\\framework\\src\\Illuminate\\Foundation\\Http\\Kernel.php(215): Illuminate\\Foundation\\Application->make('App\\\\Http\\\\Middle...')
#14 H:\\Source\\Demo\\React Native\\Project\\project_1phut_30giay\\trunk\\serer_laravel\\vendor\\laravel\\framework\\src\\Illuminate\\Foundation\\Http\\Kernel.php(189): Illuminate\\Foundation\\Http\\Kernel->terminateMiddleware(Object(Illuminate\\Http\\Request), Object(Illuminate\\Http\\Response))
#15 H:\\Source\\Demo\\React Native\\Project\\project_1phut_30giay\\trunk\\serer_laravel\\public\\index.php(60): Illuminate\\Foundation\\Http\\Kernel->terminate(Object(Illuminate\\Http\\Request), Object(Illuminate\\Http\\Response))
#16 H:\\Source\\Demo\\React Native\\Project\\project_1phut_30giay\\trunk\\serer_laravel\\server.php(21): require_once('H:\\\\Source\\\\Demo\\\\...')
#17 {main}
"} 
[2018-04-17 02:15:18] local.ERROR: No application encryption key has been specified. {"exception":"[object] (RuntimeException(code: 0): No application encryption key has been specified. at H:\\Source\\Demo\\React Native\\Project\\project_1phut_30giay\\trunk\\serer_laravel\\vendor\\laravel\\framework\\src\\Illuminate\\Encryption\\EncryptionServiceProvider.php:42)
[stacktrace]
#0 H:\\Source\\Demo\\React Native\\Project\\project_1phut_30giay\\trunk\\serer_laravel\\vendor\\laravel\\framework\\src\\Illuminate\\Support\\helpers.php(1043): Illuminate\\Encryption\\EncryptionServiceProvider->Illuminate\\Encryption\\{closure}('')
#1 H:\\Source\\Demo\\React Native\\Project\\project_1phut_30giay\\trunk\\serer_laravel\\vendor\\laravel\\framework\\src\\Illuminate\\Encryption\\EncryptionServiceProvider.php(46): tap('', Object(Closure))
#2 H:\\Source\\Demo\\React Native\\Project\\project_1phut_30giay\\trunk\\serer_laravel\\vendor\\laravel\\framework\\src\\Illuminate\\Encryption\\EncryptionServiceProvider.php(24): Illuminate\\Encryption\\EncryptionServiceProvider->key(Array)
#3 H:\\Source\\Demo\\React Native\\Project\\project_1phut_30giay\\trunk\\serer_laravel\\vendor\\laravel\\framework\\src\\Illuminate\\Container\\Container.php(764): Illuminate\\Encryption\\EncryptionServiceProvider->Illuminate\\Encryption\\{closure}(Object(Illuminate\\Foundation\\Application), Array)
#4 H:\\Source\\Demo\\React Native\\Project\\project_1phut_30giay\\trunk\\serer_laravel\\vendor\\laravel\\framework\\src\\Illuminate\\Container\\Container.php(646): Illuminate\\Container\\Container->build(Object(Closure))
#5 H:\\Source\\Demo\\React Native\\Project\\project_1phut_30giay\\trunk\\serer_laravel\\vendor\\laravel\\framework\\src\\Illuminate\\Container\\Container.php(601): Illuminate\\Container\\Container->resolve('encrypter', Array)
#6 H:\\Source\\Demo\\React Native\\Project\\project_1phut_30giay\\trunk\\serer_laravel\\vendor\\laravel\\framework\\src\\Illuminate\\Foundation\\Application.php(734): Illuminate\\Container\\Container->make('encrypter', Array)
#7 H:\\Source\\Demo\\React Native\\Project\\project_1phut_30giay\\trunk\\serer_laravel\\vendor\\laravel\\framework\\src\\Illuminate\\Container\\Container.php(900): Illuminate\\Foundation\\Application->make('encrypter')
#8 H:\\Source\\Demo\\React Native\\Project\\project_1phut_30giay\\trunk\\serer_laravel\\vendor\\laravel\\framework\\src\\Illuminate\\Container\\Container.php(828): Illuminate\\Container\\Container->resolveClass(Object(ReflectionParameter))
#9 H:\\Source\\Demo\\React Native\\Project\\project_1phut_30giay\\trunk\\serer_laravel\\vendor\\laravel\\framework\\src\\Illuminate\\Container\\Container.php(795): Illuminate\\Container\\Container->resolveDependencies(Array)
#10 H:\\Source\\Demo\\React Native\\Project\\project_1phut_30giay\\trunk\\serer_laravel\\vendor\\laravel\\framework\\src\\Illuminate\\Container\\Container.php(646): Illuminate\\Container\\Container->build('App\\\\Http\\\\Middle...')
#11 H:\\Source\\Demo\\React Native\\Project\\project_1phut_30giay\\trunk\\serer_laravel\\vendor\\laravel\\framework\\src\\Illuminate\\Container\\Container.php(601): Illuminate\\Container\\Container->resolve('App\\\\Http\\\\Middle...', Array)
#12 H:\\Source\\Demo\\React Native\\Project\\project_1phut_30giay\\trunk\\serer_laravel\\vendor\\laravel\\framework\\src\\Illuminate\\Foundation\\Application.php(734): Illuminate\\Container\\Container->make('App\\\\Http\\\\Middle...', Array)
#13 H:\\Source\\Demo\\React Native\\Project\\project_1phut_30giay\\trunk\\serer_laravel\\vendor\\laravel\\framework\\src\\Illuminate\\Pipeline\\Pipeline.php(138): Illuminate\\Foundation\\Application->make('App\\\\Http\\\\Middle...')
#14 H:\\Source\\Demo\\React Native\\Project\\project_1phut_30giay\\trunk\\serer_laravel\\vendor\\laravel\\framework\\src\\Illuminate\\Routing\\Pipeline.php(53): Illuminate\\Pipeline\\Pipeline->Illuminate\\Pipeline\\{closure}(Object(Illuminate\\Http\\Request))
#15 H:\\Source\\Demo\\React Native\\Project\\project_1phut_30giay\\trunk\\serer_laravel\\vendor\\laravel\\framework\\src\\Illuminate\\Pipeline\\Pipeline.php(102): Illuminate\\Routing\\Pipeline->Illuminate\\Routing\\{closure}(Object(Illuminate\\Http\\Request))
#16 H:\\Source\\Demo\\React Native\\Project\\project_1phut_30giay\\trunk\\serer_laravel\\vendor\\laravel\\framework\\src\\Illuminate\\Routing\\Router.php(661): Illuminate\\Pipeline\\Pipeline->then(Object(Closure))
#17 H:\\Source\\Demo\\React Native\\Project\\project_1phut_30giay\\trunk\\serer_laravel\\vendor\\laravel\\framework\\src\\Illuminate\\Routing\\Router.php(636): Illuminate\\Routing\\Router->runRouteWithinStack(Object(Illuminate\\Routing\\Route), Object(Illuminate\\Http\\Request))
#18 H:\\Source\\Demo\\React Native\\Project\\project_1phut_30giay\\trunk\\serer_laravel\\vendor\\laravel\\framework\\src\\Illuminate\\Routing\\Router.php(602): Illuminate\\Routing\\Router->runRoute(Object(Illuminate\\Http\\Request), Object(Illuminate\\Routing\\Route))
#19 H:\\Source\\Demo\\React Native\\Project\\project_1phut_30giay\\trunk\\serer_laravel\\vendor\\laravel\\framework\\src\\Illuminate\\Routing\\Router.php(591): Illuminate\\Routing\\Router->dispatchToRoute(Object(Illuminate\\Http\\Request))
#20 H:\\Source\\Demo\\React Native\\Project\\project_1phut_30giay\\trunk\\serer_laravel\\vendor\\laravel\\framework\\src\\Illuminate\\Foundation\\Http\\Kernel.php(176): Illuminate\\Routing\\Router->dispatch(Object(Illuminate\\Http\\Request))
#21 H:\\Source\\Demo\\React Native\\Project\\project_1phut_30giay\\trunk\\serer_laravel\\vendor\\laravel\\framework\\src\\Illuminate\\Routing\\Pipeline.php(30): Illuminate\\Foundation\\Http\\Kernel->Illuminate\\Foundation\\Http\\{closure}(Object(Illuminate\\Http\\Request))
#22 H:\\Source\\Demo\\React Native\\Project\\project_1phut_30giay\\trunk\\serer_laravel\\vendor\\fideloper\\proxy\\src\\TrustProxies.php(57): Illuminate\\Routing\\Pipeline->Illuminate\\Routing\\{closure}(Object(Illuminate\\Http\\Request))
#23 H:\\Source\\Demo\\React Native\\Project\\project_1phut_30giay\\trunk\\serer_laravel\\vendor\\laravel\\framework\\src\\Illuminate\\Pipeline\\Pipeline.php(149): Fideloper\\Proxy\\TrustProxies->handle(Object(Illuminate\\Http\\Request), Object(Closure))
#24 H:\\Source\\Demo\\React Native\\Project\\project_1phut_30giay\\trunk\\serer_laravel\\vendor\\laravel\\framework\\src\\Illuminate\\Routing\\Pipeline.php(53): Illuminate\\Pipeline\\Pipeline->Illuminate\\Pipeline\\{closure}(Object(Illuminate\\Http\\Request))
#25 H:\\Source\\Demo\\React Native\\Project\\project_1phut_30giay\\trunk\\serer_laravel\\vendor\\laravel\\framework\\src\\Illuminate\\Foundation\\Http\\Middleware\\TransformsRequest.php(30): Illuminate\\Routing\\Pipeline->Illuminate\\Routing\\{closure}(Object(Illuminate\\Http\\Request))
#26 H:\\Source\\Demo\\React Native\\Project\\project_1phut_30giay\\trunk\\serer_laravel\\vendor\\laravel\\framework\\src\\Illuminate\\Pipeline\\Pipeline.php(149): Illuminate\\Foundation\\Http\\Middleware\\TransformsRequest->handle(Object(Illuminate\\Http\\Request), Object(Closure))
#27 H:\\Source\\Demo\\React Native\\Project\\project_1phut_30giay\\trunk\\serer_laravel\\vendor\\laravel\\framework\\src\\Illuminate\\Routing\\Pipeline.php(53): Illuminate\\Pipeline\\Pipeline->Illuminate\\Pipeline\\{closure}(Object(Illuminate\\Http\\Request))
#28 H:\\Source\\Demo\\React Native\\Project\\project_1phut_30giay\\trunk\\serer_laravel\\vendor\\laravel\\framework\\src\\Illuminate\\Foundation\\Http\\Middleware\\TransformsRequest.php(30): Illuminate\\Routing\\Pipeline->Illuminate\\Routing\\{closure}(Object(Illuminate\\Http\\Request))
#29 H:\\Source\\Demo\\React Native\\Project\\project_1phut_30giay\\trunk\\serer_laravel\\vendor\\laravel\\framework\\src\\Illuminate\\Pipeline\\Pipeline.php(149): Illuminate\\Foundation\\Http\\Middleware\\TransformsRequest->handle(Object(Illuminate\\Http\\Request), Object(Closure))
#30 H:\\Source\\Demo\\React Native\\Project\\project_1phut_30giay\\trunk\\serer_laravel\\vendor\\laravel\\framework\\src\\Illuminate\\Routing\\Pipeline.php(53): Illuminate\\Pipeline\\Pipeline->Illuminate\\Pipeline\\{closure}(Object(Illuminate\\Http\\Request))
#31 H:\\Source\\Demo\\React Native\\Project\\project_1phut_30giay\\trunk\\serer_laravel\\vendor\\laravel\\framework\\src\\Illuminate\\Foundation\\Http\\Middleware\\ValidatePostSize.php(27): Illuminate\\Routing\\Pipeline->Illuminate\\Routing\\{closure}(Object(Illuminate\\Http\\Request))
#32 H:\\Source\\Demo\\React Native\\Project\\project_1phut_30giay\\trunk\\serer_laravel\\vendor\\laravel\\framework\\src\\Illuminate\\Pipeline\\Pipeline.php(149): Illuminate\\Foundation\\Http\\Middleware\\ValidatePostSize->handle(Object(Illuminate\\Http\\Request), Object(Closure))
#33 H:\\Source\\Demo\\React Native\\Project\\project_1phut_30giay\\trunk\\serer_laravel\\vendor\\laravel\\framework\\src\\Illuminate\\Routing\\Pipeline.php(53): Illuminate\\Pipeline\\Pipeline->Illuminate\\Pipeline\\{closure}(Object(Illuminate\\Http\\Request))
#34 H:\\Source\\Demo\\React Native\\Project\\project_1phut_30giay\\trunk\\serer_laravel\\vendor\\laravel\\framework\\src\\Illuminate\\Foundation\\Http\\Middleware\\CheckForMaintenanceMode.php(46): Illuminate\\Routing\\Pipeline->Illuminate\\Routing\\{closure}(Object(Illuminate\\Http\\Request))
#35 H:\\Source\\Demo\\React Native\\Project\\project_1phut_30giay\\trunk\\serer_laravel\\vendor\\laravel\\framework\\src\\Illuminate\\Pipeline\\Pipeline.php(149): Illuminate\\Foundation\\Http\\Middleware\\CheckForMaintenanceMode->handle(Object(Illuminate\\Http\\Request), Object(Closure))
#36 H:\\Source\\Demo\\React Native\\Project\\project_1phut_30giay\\trunk\\serer_laravel\\vendor\\laravel\\framework\\src\\Illuminate\\Routing\\Pipeline.php(53): Illuminate\\Pipeline\\Pipeline->Illuminate\\Pipeline\\{closure}(Object(Illuminate\\Http\\Request))
#37 H:\\Source\\Demo\\React Native\\Project\\project_1phut_30giay\\trunk\\serer_laravel\\vendor\\laravel\\framework\\src\\Illuminate\\Pipeline\\Pipeline.php(102): Illuminate\\Routing\\Pipeline->Illuminate\\Routing\\{closure}(Object(Illuminate\\Http\\Request))
#38 H:\\Source\\Demo\\React Native\\Project\\project_1phut_30giay\\trunk\\serer_laravel\\vendor\\laravel\\framework\\src\\Illuminate\\Foundation\\Http\\Kernel.php(151): Illuminate\\Pipeline\\Pipeline->then(Object(Closure))
#39 H:\\Source\\Demo\\React Native\\Project\\project_1phut_30giay\\trunk\\serer_laravel\\vendor\\laravel\\framework\\src\\Illuminate\\Foundation\\Http\\Kernel.php(116): Illuminate\\Foundation\\Http\\Kernel->sendRequestThroughRouter(Object(Illuminate\\Http\\Request))
#40 H:\\Source\\Demo\\React Native\\Project\\project_1phut_30giay\\trunk\\serer_laravel\\public\\index.php(55): Illuminate\\Foundation\\Http\\Kernel->handle(Object(Illuminate\\Http\\Request))
#41 H:\\Source\\Demo\\React Native\\Project\\project_1phut_30giay\\trunk\\serer_laravel\\server.php(21): require_once('H:\\\\Source\\\\Demo\\\\...')
#42 {main}
"} 
[2018-04-17 02:15:18] local.ERROR: No application encryption key has been specified. {"exception":"[object] (RuntimeException(code: 0): No application encryption key has been specified. at H:\\Source\\Demo\\React Native\\Project\\project_1phut_30giay\\trunk\\serer_laravel\\vendor\\laravel\\framework\\src\\Illuminate\\Encryption\\EncryptionServiceProvider.php:42)
[stacktrace]
#0 H:\\Source\\Demo\\React Native\\Project\\project_1phut_30giay\\trunk\\serer_laravel\\vendor\\laravel\\framework\\src\\Illuminate\\Support\\helpers.php(1043): Illuminate\\Encryption\\EncryptionServiceProvider->Illuminate\\Encryption\\{closure}('')
#1 H:\\Source\\Demo\\React Native\\Project\\project_1phut_30giay\\trunk\\serer_laravel\\vendor\\laravel\\framework\\src\\Illuminate\\Encryption\\EncryptionServiceProvider.php(46): tap('', Object(Closure))
#2 H:\\Source\\Demo\\React Native\\Project\\project_1phut_30giay\\trunk\\serer_laravel\\vendor\\laravel\\framework\\src\\Illuminate\\Encryption\\EncryptionServiceProvider.php(24): Illuminate\\Encryption\\EncryptionServiceProvider->key(Array)
#3 H:\\Source\\Demo\\React Native\\Project\\project_1phut_30giay\\trunk\\serer_laravel\\vendor\\laravel\\framework\\src\\Illuminate\\Container\\Container.php(764): Illuminate\\Encryption\\EncryptionServiceProvider->Illuminate\\Encryption\\{closure}(Object(Illuminate\\Foundation\\Application), Array)
#4 H:\\Source\\Demo\\React Native\\Project\\project_1phut_30giay\\trunk\\serer_laravel\\vendor\\laravel\\framework\\src\\Illuminate\\Container\\Container.php(646): Illuminate\\Container\\Container->build(Object(Closure))
#5 H:\\Source\\Demo\\React Native\\Project\\project_1phut_30giay\\trunk\\serer_laravel\\vendor\\laravel\\framework\\src\\Illuminate\\Container\\Container.php(601): Illuminate\\Container\\Container->resolve('encrypter', Array)
#6 H:\\Source\\Demo\\React Native\\Project\\project_1phut_30giay\\trunk\\serer_laravel\\vendor\\laravel\\framework\\src\\Illuminate\\Foundation\\Application.php(734): Illuminate\\Container\\Container->make('encrypter', Array)
#7 H:\\Source\\Demo\\React Native\\Project\\project_1phut_30giay\\trunk\\serer_laravel\\vendor\\laravel\\framework\\src\\Illuminate\\Container\\Container.php(900): Illuminate\\Foundation\\Application->make('encrypter')
#8 H:\\Source\\Demo\\React Native\\Project\\project_1phut_30giay\\trunk\\serer_laravel\\vendor\\laravel\\framework\\src\\Illuminate\\Container\\Container.php(828): Illuminate\\Container\\Container->resolveClass(Object(ReflectionParameter))
#9 H:\\Source\\Demo\\React Native\\Project\\project_1phut_30giay\\trunk\\serer_laravel\\vendor\\laravel\\framework\\src\\Illuminate\\Container\\Container.php(795): Illuminate\\Container\\Container->resolveDependencies(Array)
#10 H:\\Source\\Demo\\React Native\\Project\\project_1phut_30giay\\trunk\\serer_laravel\\vendor\\laravel\\framework\\src\\Illuminate\\Container\\Container.php(646): Illuminate\\Container\\Container->build('App\\\\Http\\\\Middle...')
#11 H:\\Source\\Demo\\React Native\\Project\\project_1phut_30giay\\trunk\\serer_laravel\\vendor\\laravel\\framework\\src\\Illuminate\\Container\\Container.php(601): Illuminate\\Container\\Container->resolve('App\\\\Http\\\\Middle...', Array)
#12 H:\\Source\\Demo\\React Native\\Project\\project_1phut_30giay\\trunk\\serer_laravel\\vendor\\laravel\\framework\\src\\Illuminate\\Foundation\\Application.php(734): Illuminate\\Container\\Container->make('App\\\\Http\\\\Middle...', Array)
#13 H:\\Source\\Demo\\React Native\\Project\\project_1phut_30giay\\trunk\\serer_laravel\\vendor\\laravel\\framework\\src\\Illuminate\\Foundation\\Http\\Kernel.php(215): Illuminate\\Foundation\\Application->make('App\\\\Http\\\\Middle...')
#14 H:\\Source\\Demo\\React Native\\Project\\project_1phut_30giay\\trunk\\serer_laravel\\vendor\\laravel\\framework\\src\\Illuminate\\Foundation\\Http\\Kernel.php(189): Illuminate\\Foundation\\Http\\Kernel->terminateMiddleware(Object(Illuminate\\Http\\Request), Object(Illuminate\\Http\\Response))
#15 H:\\Source\\Demo\\React Native\\Project\\project_1phut_30giay\\trunk\\serer_laravel\\public\\index.php(60): Illuminate\\Foundation\\Http\\Kernel->terminate(Object(Illuminate\\Http\\Request), Object(Illuminate\\Http\\Response))
#16 H:\\Source\\Demo\\React Native\\Project\\project_1phut_30giay\\trunk\\serer_laravel\\server.php(21): require_once('H:\\\\Source\\\\Demo\\\\...')
#17 {main}
"} 
[2018-04-17 02:17:50] local.ERROR: No application encryption key has been specified. {"exception":"[object] (RuntimeException(code: 0): No application encryption key has been specified. at H:\\Source\\Demo\\React Native\\Project\\project_1phut_30giay\\trunk\\serer_laravel\\vendor\\laravel\\framework\\src\\Illuminate\\Encryption\\EncryptionServiceProvider.php:42)
[stacktrace]
#0 H:\\Source\\Demo\\React Native\\Project\\project_1phut_30giay\\trunk\\serer_laravel\\vendor\\laravel\\framework\\src\\Illuminate\\Support\\helpers.php(1043): Illuminate\\Encryption\\EncryptionServiceProvider->Illuminate\\Encryption\\{closure}('')
#1 H:\\Source\\Demo\\React Native\\Project\\project_1phut_30giay\\trunk\\serer_laravel\\vendor\\laravel\\framework\\src\\Illuminate\\Encryption\\EncryptionServiceProvider.php(46): tap('', Object(Closure))
#2 H:\\Source\\Demo\\React Native\\Project\\project_1phut_30giay\\trunk\\serer_laravel\\vendor\\laravel\\framework\\src\\Illuminate\\Encryption\\EncryptionServiceProvider.php(24): Illuminate\\Encryption\\EncryptionServiceProvider->key(Array)
#3 H:\\Source\\Demo\\React Native\\Project\\project_1phut_30giay\\trunk\\serer_laravel\\vendor\\laravel\\framework\\src\\Illuminate\\Container\\Container.php(764): Illuminate\\Encryption\\EncryptionServiceProvider->Illuminate\\Encryption\\{closure}(Object(Illuminate\\Foundation\\Application), Array)
#4 H:\\Source\\Demo\\React Native\\Project\\project_1phut_30giay\\trunk\\serer_laravel\\vendor\\laravel\\framework\\src\\Illuminate\\Container\\Container.php(646): Illuminate\\Container\\Container->build(Object(Closure))
#5 H:\\Source\\Demo\\React Native\\Project\\project_1phut_30giay\\trunk\\serer_laravel\\vendor\\laravel\\framework\\src\\Illuminate\\Container\\Container.php(601): Illuminate\\Container\\Container->resolve('encrypter', Array)
#6 H:\\Source\\Demo\\React Native\\Project\\project_1phut_30giay\\trunk\\serer_laravel\\vendor\\laravel\\framework\\src\\Illuminate\\Foundation\\Application.php(734): Illuminate\\Container\\Container->make('encrypter', Array)
#7 H:\\Source\\Demo\\React Native\\Project\\project_1phut_30giay\\trunk\\serer_laravel\\vendor\\laravel\\framework\\src\\Illuminate\\Container\\Container.php(900): Illuminate\\Foundation\\Application->make('encrypter')
#8 H:\\Source\\Demo\\React Native\\Project\\project_1phut_30giay\\trunk\\serer_laravel\\vendor\\laravel\\framework\\src\\Illuminate\\Container\\Container.php(828): Illuminate\\Container\\Container->resolveClass(Object(ReflectionParameter))
#9 H:\\Source\\Demo\\React Native\\Project\\project_1phut_30giay\\trunk\\serer_laravel\\vendor\\laravel\\framework\\src\\Illuminate\\Container\\Container.php(795): Illuminate\\Container\\Container->resolveDependencies(Array)
#10 H:\\Source\\Demo\\React Native\\Project\\project_1phut_30giay\\trunk\\serer_laravel\\vendor\\laravel\\framework\\src\\Illuminate\\Container\\Container.php(646): Illuminate\\Container\\Container->build('App\\\\Http\\\\Middle...')
#11 H:\\Source\\Demo\\React Native\\Project\\project_1phut_30giay\\trunk\\serer_laravel\\vendor\\laravel\\framework\\src\\Illuminate\\Container\\Container.php(601): Illuminate\\Container\\Container->resolve('App\\\\Http\\\\Middle...', Array)
#12 H:\\Source\\Demo\\React Native\\Project\\project_1phut_30giay\\trunk\\serer_laravel\\vendor\\laravel\\framework\\src\\Illuminate\\Foundation\\Application.php(734): Illuminate\\Container\\Container->make('App\\\\Http\\\\Middle...', Array)
#13 H:\\Source\\Demo\\React Native\\Project\\project_1phut_30giay\\trunk\\serer_laravel\\vendor\\laravel\\framework\\src\\Illuminate\\Pipeline\\Pipeline.php(138): Illuminate\\Foundation\\Application->make('App\\\\Http\\\\Middle...')
#14 H:\\Source\\Demo\\React Native\\Project\\project_1phut_30giay\\trunk\\serer_laravel\\vendor\\laravel\\framework\\src\\Illuminate\\Routing\\Pipeline.php(53): Illuminate\\Pipeline\\Pipeline->Illuminate\\Pipeline\\{closure}(Object(Illuminate\\Http\\Request))
#15 H:\\Source\\Demo\\React Native\\Project\\project_1phut_30giay\\trunk\\serer_laravel\\vendor\\laravel\\framework\\src\\Illuminate\\Pipeline\\Pipeline.php(102): Illuminate\\Routing\\Pipeline->Illuminate\\Routing\\{closure}(Object(Illuminate\\Http\\Request))
#16 H:\\Source\\Demo\\React Native\\Project\\project_1phut_30giay\\trunk\\serer_laravel\\vendor\\laravel\\framework\\src\\Illuminate\\Routing\\Router.php(661): Illuminate\\Pipeline\\Pipeline->then(Object(Closure))
#17 H:\\Source\\Demo\\React Native\\Project\\project_1phut_30giay\\trunk\\serer_laravel\\vendor\\laravel\\framework\\src\\Illuminate\\Routing\\Router.php(636): Illuminate\\Routing\\Router->runRouteWithinStack(Object(Illuminate\\Routing\\Route), Object(Illuminate\\Http\\Request))
#18 H:\\Source\\Demo\\React Native\\Project\\project_1phut_30giay\\trunk\\serer_laravel\\vendor\\laravel\\framework\\src\\Illuminate\\Routing\\Router.php(602): Illuminate\\Routing\\Router->runRoute(Object(Illuminate\\Http\\Request), Object(Illuminate\\Routing\\Route))
#19 H:\\Source\\Demo\\React Native\\Project\\project_1phut_30giay\\trunk\\serer_laravel\\vendor\\laravel\\framework\\src\\Illuminate\\Routing\\Router.php(591): Illuminate\\Routing\\Router->dispatchToRoute(Object(Illuminate\\Http\\Request))
#20 H:\\Source\\Demo\\React Native\\Project\\project_1phut_30giay\\trunk\\serer_laravel\\vendor\\laravel\\framework\\src\\Illuminate\\Foundation\\Http\\Kernel.php(176): Illuminate\\Routing\\Router->dispatch(Object(Illuminate\\Http\\Request))
#21 H:\\Source\\Demo\\React Native\\Project\\project_1phut_30giay\\trunk\\serer_laravel\\vendor\\laravel\\framework\\src\\Illuminate\\Routing\\Pipeline.php(30): Illuminate\\Foundation\\Http\\Kernel->Illuminate\\Foundation\\Http\\{closure}(Object(Illuminate\\Http\\Request))
#22 H:\\Source\\Demo\\React Native\\Project\\project_1phut_30giay\\trunk\\serer_laravel\\vendor\\fideloper\\proxy\\src\\TrustProxies.php(57): Illuminate\\Routing\\Pipeline->Illuminate\\Routing\\{closure}(Object(Illuminate\\Http\\Request))
#23 H:\\Source\\Demo\\React Native\\Project\\project_1phut_30giay\\trunk\\serer_laravel\\vendor\\laravel\\framework\\src\\Illuminate\\Pipeline\\Pipeline.php(149): Fideloper\\Proxy\\TrustProxies->handle(Object(Illuminate\\Http\\Request), Object(Closure))
#24 H:\\Source\\Demo\\React Native\\Project\\project_1phut_30giay\\trunk\\serer_laravel\\vendor\\laravel\\framework\\src\\Illuminate\\Routing\\Pipeline.php(53): Illuminate\\Pipeline\\Pipeline->Illuminate\\Pipeline\\{closure}(Object(Illuminate\\Http\\Request))
#25 H:\\Source\\Demo\\React Native\\Project\\project_1phut_30giay\\trunk\\serer_laravel\\vendor\\laravel\\framework\\src\\Illuminate\\Foundation\\Http\\Middleware\\TransformsRequest.php(30): Illuminate\\Routing\\Pipeline->Illuminate\\Routing\\{closure}(Object(Illuminate\\Http\\Request))
#26 H:\\Source\\Demo\\React Native\\Project\\project_1phut_30giay\\trunk\\serer_laravel\\vendor\\laravel\\framework\\src\\Illuminate\\Pipeline\\Pipeline.php(149): Illuminate\\Foundation\\Http\\Middleware\\TransformsRequest->handle(Object(Illuminate\\Http\\Request), Object(Closure))
#27 H:\\Source\\Demo\\React Native\\Project\\project_1phut_30giay\\trunk\\serer_laravel\\vendor\\laravel\\framework\\src\\Illuminate\\Routing\\Pipeline.php(53): Illuminate\\Pipeline\\Pipeline->Illuminate\\Pipeline\\{closure}(Object(Illuminate\\Http\\Request))
#28 H:\\Source\\Demo\\React Native\\Project\\project_1phut_30giay\\trunk\\serer_laravel\\vendor\\laravel\\framework\\src\\Illuminate\\Foundation\\Http\\Middleware\\TransformsRequest.php(30): Illuminate\\Routing\\Pipeline->Illuminate\\Routing\\{closure}(Object(Illuminate\\Http\\Request))
#29 H:\\Source\\Demo\\React Native\\Project\\project_1phut_30giay\\trunk\\serer_laravel\\vendor\\laravel\\framework\\src\\Illuminate\\Pipeline\\Pipeline.php(149): Illuminate\\Foundation\\Http\\Middleware\\TransformsRequest->handle(Object(Illuminate\\Http\\Request), Object(Closure))
#30 H:\\Source\\Demo\\React Native\\Project\\project_1phut_30giay\\trunk\\serer_laravel\\vendor\\laravel\\framework\\src\\Illuminate\\Routing\\Pipeline.php(53): Illuminate\\Pipeline\\Pipeline->Illuminate\\Pipeline\\{closure}(Object(Illuminate\\Http\\Request))
#31 H:\\Source\\Demo\\React Native\\Project\\project_1phut_30giay\\trunk\\serer_laravel\\vendor\\laravel\\framework\\src\\Illuminate\\Foundation\\Http\\Middleware\\ValidatePostSize.php(27): Illuminate\\Routing\\Pipeline->Illuminate\\Routing\\{closure}(Object(Illuminate\\Http\\Request))
#32 H:\\Source\\Demo\\React Native\\Project\\project_1phut_30giay\\trunk\\serer_laravel\\vendor\\laravel\\framework\\src\\Illuminate\\Pipeline\\Pipeline.php(149): Illuminate\\Foundation\\Http\\Middleware\\ValidatePostSize->handle(Object(Illuminate\\Http\\Request), Object(Closure))
#33 H:\\Source\\Demo\\React Native\\Project\\project_1phut_30giay\\trunk\\serer_laravel\\vendor\\laravel\\framework\\src\\Illuminate\\Routing\\Pipeline.php(53): Illuminate\\Pipeline\\Pipeline->Illuminate\\Pipeline\\{closure}(Object(Illuminate\\Http\\Request))
#34 H:\\Source\\Demo\\React Native\\Project\\project_1phut_30giay\\trunk\\serer_laravel\\vendor\\laravel\\framework\\src\\Illuminate\\Foundation\\Http\\Middleware\\CheckForMaintenanceMode.php(46): Illuminate\\Routing\\Pipeline->Illuminate\\Routing\\{closure}(Object(Illuminate\\Http\\Request))
#35 H:\\Source\\Demo\\React Native\\Project\\project_1phut_30giay\\trunk\\serer_laravel\\vendor\\laravel\\framework\\src\\Illuminate\\Pipeline\\Pipeline.php(149): Illuminate\\Foundation\\Http\\Middleware\\CheckForMaintenanceMode->handle(Object(Illuminate\\Http\\Request), Object(Closure))
#36 H:\\Source\\Demo\\React Native\\Project\\project_1phut_30giay\\trunk\\serer_laravel\\vendor\\laravel\\framework\\src\\Illuminate\\Routing\\Pipeline.php(53): Illuminate\\Pipeline\\Pipeline->Illuminate\\Pipeline\\{closure}(Object(Illuminate\\Http\\Request))
#37 H:\\Source\\Demo\\React Native\\Project\\project_1phut_30giay\\trunk\\serer_laravel\\vendor\\laravel\\framework\\src\\Illuminate\\Pipeline\\Pipeline.php(102): Illuminate\\Routing\\Pipeline->Illuminate\\Routing\\{closure}(Object(Illuminate\\Http\\Request))
#38 H:\\Source\\Demo\\React Native\\Project\\project_1phut_30giay\\trunk\\serer_laravel\\vendor\\laravel\\framework\\src\\Illuminate\\Foundation\\Http\\Kernel.php(151): Illuminate\\Pipeline\\Pipeline->then(Object(Closure))
#39 H:\\Source\\Demo\\React Native\\Project\\project_1phut_30giay\\trunk\\serer_laravel\\vendor\\laravel\\framework\\src\\Illuminate\\Foundation\\Http\\Kernel.php(116): Illuminate\\Foundation\\Http\\Kernel->sendRequestThroughRouter(Object(Illuminate\\Http\\Request))
#40 H:\\Source\\Demo\\React Native\\Project\\project_1phut_30giay\\trunk\\serer_laravel\\public\\index.php(55): Illuminate\\Foundation\\Http\\Kernel->handle(Object(Illuminate\\Http\\Request))
#41 H:\\Source\\Demo\\React Native\\Project\\project_1phut_30giay\\trunk\\serer_laravel\\server.php(21): require_once('H:\\\\Source\\\\Demo\\\\...')
#42 {main}
"} 
[2018-04-17 02:17:50] local.ERROR: No application encryption key has been specified. {"exception":"[object] (RuntimeException(code: 0): No application encryption key has been specified. at H:\\Source\\Demo\\React Native\\Project\\project_1phut_30giay\\trunk\\serer_laravel\\vendor\\laravel\\framework\\src\\Illuminate\\Encryption\\EncryptionServiceProvider.php:42)
[stacktrace]
#0 H:\\Source\\Demo\\React Native\\Project\\project_1phut_30giay\\trunk\\serer_laravel\\vendor\\laravel\\framework\\src\\Illuminate\\Support\\helpers.php(1043): Illuminate\\Encryption\\EncryptionServiceProvider->Illuminate\\Encryption\\{closure}('')
#1 H:\\Source\\Demo\\React Native\\Project\\project_1phut_30giay\\trunk\\serer_laravel\\vendor\\laravel\\framework\\src\\Illuminate\\Encryption\\EncryptionServiceProvider.php(46): tap('', Object(Closure))
#2 H:\\Source\\Demo\\React Native\\Project\\project_1phut_30giay\\trunk\\serer_laravel\\vendor\\laravel\\framework\\src\\Illuminate\\Encryption\\EncryptionServiceProvider.php(24): Illuminate\\Encryption\\EncryptionServiceProvider->key(Array)
#3 H:\\Source\\Demo\\React Native\\Project\\project_1phut_30giay\\trunk\\serer_laravel\\vendor\\laravel\\framework\\src\\Illuminate\\Container\\Container.php(764): Illuminate\\Encryption\\EncryptionServiceProvider->Illuminate\\Encryption\\{closure}(Object(Illuminate\\Foundation\\Application), Array)
#4 H:\\Source\\Demo\\React Native\\Project\\project_1phut_30giay\\trunk\\serer_laravel\\vendor\\laravel\\framework\\src\\Illuminate\\Container\\Container.php(646): Illuminate\\Container\\Container->build(Object(Closure))
#5 H:\\Source\\Demo\\React Native\\Project\\project_1phut_30giay\\trunk\\serer_laravel\\vendor\\laravel\\framework\\src\\Illuminate\\Container\\Container.php(601): Illuminate\\Container\\Container->resolve('encrypter', Array)
#6 H:\\Source\\Demo\\React Native\\Project\\project_1phut_30giay\\trunk\\serer_laravel\\vendor\\laravel\\framework\\src\\Illuminate\\Foundation\\Application.php(734): Illuminate\\Container\\Container->make('encrypter', Array)
#7 H:\\Source\\Demo\\React Native\\Project\\project_1phut_30giay\\trunk\\serer_laravel\\vendor\\laravel\\framework\\src\\Illuminate\\Container\\Container.php(900): Illuminate\\Foundation\\Application->make('encrypter')
#8 H:\\Source\\Demo\\React Native\\Project\\project_1phut_30giay\\trunk\\serer_laravel\\vendor\\laravel\\framework\\src\\Illuminate\\Container\\Container.php(828): Illuminate\\Container\\Container->resolveClass(Object(ReflectionParameter))
#9 H:\\Source\\Demo\\React Native\\Project\\project_1phut_30giay\\trunk\\serer_laravel\\vendor\\laravel\\framework\\src\\Illuminate\\Container\\Container.php(795): Illuminate\\Container\\Container->resolveDependencies(Array)
#10 H:\\Source\\Demo\\React Native\\Project\\project_1phut_30giay\\trunk\\serer_laravel\\vendor\\laravel\\framework\\src\\Illuminate\\Container\\Container.php(646): Illuminate\\Container\\Container->build('App\\\\Http\\\\Middle...')
#11 H:\\Source\\Demo\\React Native\\Project\\project_1phut_30giay\\trunk\\serer_laravel\\vendor\\laravel\\framework\\src\\Illuminate\\Container\\Container.php(601): Illuminate\\Container\\Container->resolve('App\\\\Http\\\\Middle...', Array)
#12 H:\\Source\\Demo\\React Native\\Project\\project_1phut_30giay\\trunk\\serer_laravel\\vendor\\laravel\\framework\\src\\Illuminate\\Foundation\\Application.php(734): Illuminate\\Container\\Container->make('App\\\\Http\\\\Middle...', Array)
#13 H:\\Source\\Demo\\React Native\\Project\\project_1phut_30giay\\trunk\\serer_laravel\\vendor\\laravel\\framework\\src\\Illuminate\\Foundation\\Http\\Kernel.php(215): Illuminate\\Foundation\\Application->make('App\\\\Http\\\\Middle...')
#14 H:\\Source\\Demo\\React Native\\Project\\project_1phut_30giay\\trunk\\serer_laravel\\vendor\\laravel\\framework\\src\\Illuminate\\Foundation\\Http\\Kernel.php(189): Illuminate\\Foundation\\Http\\Kernel->terminateMiddleware(Object(Illuminate\\Http\\Request), Object(Illuminate\\Http\\Response))
#15 H:\\Source\\Demo\\React Native\\Project\\project_1phut_30giay\\trunk\\serer_laravel\\public\\index.php(60): Illuminate\\Foundation\\Http\\Kernel->terminate(Object(Illuminate\\Http\\Request), Object(Illuminate\\Http\\Response))
#16 H:\\Source\\Demo\\React Native\\Project\\project_1phut_30giay\\trunk\\serer_laravel\\server.php(21): require_once('H:\\\\Source\\\\Demo\\\\...')
#17 {main}
"} 
